# JRE version: OpenJDK Runtime Environment (17.0.9) (build 17.0.9+0--11185874)
# Java VM: OpenJDK 64-Bit Server VM (17.0.9+0--11185874, mixed mode, tiered, compressed oops, compressed class ptrs, g1 gc, windows-amd64)
GC Precious Log:
 CPUs: 4 total, 4 available
 Memory: 6082M
 Large Page Support: Disabled
 NUMA Support: Disabled
 Compressed Oops: Enabled (32-bit)
 Heap Region Size: 1M
 Heap Min Capacity: 8M
 Heap Initial Capacity: 96M
 Heap Max Capacity: 2G
 Pre-touch: Disabled
 Parallel Workers: 4
 Concurrent Workers: 1
 Concurrent Refinement Workers: 4
 Periodic GC: Disabled
Heap:
 garbage-first heap   total 144384K, used 105472K [0x0000000080000000, 0x0000000100000000)
  region size 1024K, 12 young (12288K), 2 survivors (2048K)
 Metaspace       used 96495K, committed 97216K, reserved 1179648K
  class space    used 13328K, committed 13696K, reserved 1048576K
GC Heap History (20 events):
Event: 41.999 GC heap before
{Heap before GC invocations=40 (full 0):
 garbage-first heap   total 119808K, used 99941K [0x0000000080000000, 0x0000000100000000)
  region size 1024K, 38 young (38912K), 2 survivors (2048K)
 Metaspace       used 82153K, committed 82816K, reserved 1179648K
  class space    used 11383K, committed 11712K, reserved 1048576K
}
Event: 42.009 GC heap after
{Heap after GC invocations=41 (full 0):
 garbage-first heap   total 119808K, used 64761K [0x0000000080000000, 0x0000000100000000)
  region size 1024K, 4 young (4096K), 4 survivors (4096K)
 Metaspace       used 82153K, committed 82816K, reserved 1179648K
  class space    used 11383K, committed 11712K, reserved 1048576K
}
Event: 43.526 GC heap before
{Heap before GC invocations=41 (full 0):
 garbage-first heap   total 119808K, used 99577K [0x0000000080000000, 0x0000000100000000)
  region size 1024K, 38 young (38912K), 4 survivors (4096K)
 Metaspace       used 85201K, committed 85888K, reserved 1179648K
  class space    used 11818K, committed 12160K, reserved 1048576K
}
Event: 43.538 GC heap after
{Heap after GC invocations=42 (full 0):
 garbage-first heap   total 119808K, used 66754K [0x0000000080000000, 0x0000000100000000)
  region size 1024K, 5 young (5120K), 5 survivors (5120K)
 Metaspace       used 85201K, committed 85888K, reserved 1179648K
  class space    used 11818K, committed 12160K, reserved 1048576K
}
Event: 44.548 GC heap before
{Heap before GC invocations=42 (full 0):
 garbage-first heap   total 119808K, used 99522K [0x0000000080000000, 0x0000000100000000)
  region size 1024K, 37 young (37888K), 5 survivors (5120K)
 Metaspace       used 87735K, committed 88384K, reserved 1179648K
  class space    used 12241K, committed 12544K, reserved 1048576K
}
Event: 44.565 GC heap after
{Heap after GC invocations=43 (full 0):
 garbage-first heap   total 119808K, used 68369K [0x0000000080000000, 0x0000000100000000)
  region size 1024K, 4 young (4096K), 4 survivors (4096K)
 Metaspace       used 87735K, committed 88384K, reserved 1179648K
  class space    used 12241K, committed 12544K, reserved 1048576K
}
Event: 46.739 GC heap before
{Heap before GC invocations=43 (full 0):
 garbage-first heap   total 119808K, used 100113K [0x0000000080000000, 0x0000000100000000)
  region size 1024K, 35 young (35840K), 4 survivors (4096K)
 Metaspace       used 90583K, committed 91264K, reserved 1179648K
  class space    used 12600K, committed 12928K, reserved 1048576K
}
Event: 46.755 GC heap after
{Heap after GC invocations=44 (full 0):
 garbage-first heap   total 119808K, used 70719K [0x0000000080000000, 0x0000000100000000)
  region size 1024K, 4 young (4096K), 4 survivors (4096K)
 Metaspace       used 90583K, committed 91264K, reserved 1179648K
  class space    used 12600K, committed 12928K, reserved 1048576K
}
Event: 48.998 GC heap before
{Heap before GC invocations=44 (full 0):
 garbage-first heap   total 119808K, used 100415K [0x0000000080000000, 0x0000000100000000)
  region size 1024K, 33 young (33792K), 4 survivors (4096K)
 Metaspace       used 92691K, committed 93376K, reserved 1179648K
  class space    used 12955K, committed 13312K, reserved 1048576K
}
Event: 49.013 GC heap after
{Heap after GC invocations=45 (full 0):
 garbage-first heap   total 119808K, used 73550K [0x0000000080000000, 0x0000000100000000)
  region size 1024K, 5 young (5120K), 5 survivors (5120K)
 Metaspace       used 92691K, committed 93376K, reserved 1179648K
  class space    used 12955K, committed 13312K, reserved 1048576K
}
Event: 50.513 GC heap before
{Heap before GC invocations=45 (full 0):
 garbage-first heap   total 119808K, used 100174K [0x0000000080000000, 0x0000000100000000)
  region size 1024K, 32 young (32768K), 5 survivors (5120K)
 Metaspace       used 92955K, committed 93696K, reserved 1179648K
  class space    used 12998K, committed 13376K, reserved 1048576K
}
Event: 50.544 GC heap after
{Heap after GC invocations=46 (full 0):
 garbage-first heap   total 119808K, used 77704K [0x0000000080000000, 0x0000000100000000)
  region size 1024K, 4 young (4096K), 4 survivors (4096K)
 Metaspace       used 92955K, committed 93696K, reserved 1179648K
  class space    used 12998K, committed 13376K, reserved 1048576K
}
Event: 51.948 GC heap before
{Heap before GC invocations=46 (full 0):
 garbage-first heap   total 119808K, used 99208K [0x0000000080000000, 0x0000000100000000)
  region size 1024K, 26 young (26624K), 4 survivors (4096K)
 Metaspace       used 93178K, committed 93952K, reserved 1179648K
  class space    used 13005K, committed 13376K, reserved 1048576K
}
Event: 51.960 GC heap after
{Heap after GC invocations=47 (full 0):
 garbage-first heap   total 119808K, used 79569K [0x0000000080000000, 0x0000000100000000)
  region size 1024K, 4 young (4096K), 4 survivors (4096K)
 Metaspace       used 93178K, committed 93952K, reserved 1179648K
  class space    used 13005K, committed 13376K, reserved 1048576K
}
Event: 52.883 GC heap before
{Heap before GC invocations=47 (full 0):
 garbage-first heap   total 119808K, used 104145K [0x0000000080000000, 0x0000000100000000)
  region size 1024K, 24 young (24576K), 4 survivors (4096K)
 Metaspace       used 94601K, committed 95296K, reserved 1179648K
  class space    used 13136K, committed 13504K, reserved 1048576K
}
Event: 52.891 GC heap after
{Heap after GC invocations=48 (full 0):
 garbage-first heap   total 119808K, used 80872K [0x0000000080000000, 0x0000000100000000)
  region size 1024K, 2 young (2048K), 2 survivors (2048K)
 Metaspace       used 94601K, committed 95296K, reserved 1179648K
  class space    used 13136K, committed 13504K, reserved 1048576K
}
Event: 53.918 GC heap before
{Heap before GC invocations=48 (full 0):
 garbage-first heap   total 119808K, used 102376K [0x0000000080000000, 0x0000000100000000)
  region size 1024K, 21 young (21504K), 2 survivors (2048K)
 Metaspace       used 96114K, committed 96832K, reserved 1179648K
  class space    used 13285K, committed 13632K, reserved 1048576K
}
Event: 53.931 GC heap after
{Heap after GC invocations=49 (full 0):
 garbage-first heap   total 119808K, used 91267K [0x0000000080000000, 0x0000000100000000)
  region size 1024K, 3 young (3072K), 3 survivors (3072K)
 Metaspace       used 96114K, committed 96832K, reserved 1179648K
  class space    used 13285K, committed 13632K, reserved 1048576K
}
Event: 54.103 GC heap before
{Heap before GC invocations=49 (full 0):
 garbage-first heap   total 119808K, used 99459K [0x0000000080000000, 0x0000000100000000)
  region size 1024K, 11 young (11264K), 3 survivors (3072K)
 Metaspace       used 96248K, committed 96960K, reserved 1179648K
  class space    used 13303K, committed 13632K, reserved 1048576K
}
Event: 54.124 GC heap after
{Heap after GC invocations=50 (full 0):
 garbage-first heap   total 144384K, used 97280K [0x0000000080000000, 0x0000000100000000)
  region size 1024K, 2 young (2048K), 2 survivors (2048K)
 Metaspace       used 96248K, committed 96960K, reserved 1179648K
  class space    used 13303K, committed 13632K, reserved 1048576K
}

