# JRE version: OpenJDK Runtime Environment (17.0.9) (build 17.0.9+0--11185874)
# Java VM: OpenJDK 64-Bit Server VM (17.0.9+0--11185874, mixed mode, tiered, compressed oops, compressed class ptrs, g1 gc, windows-amd64)
GC Precious Log:
 CPUs: 4 total, 4 available
 Memory: 6082M
 Large Page Support: Disabled
 NUMA Support: Disabled
 Compressed Oops: Enabled (32-bit)
 Heap Region Size: 1M
 Heap Min Capacity: 8M
 Heap Initial Capacity: 96M
 Heap Max Capacity: 2G
 Pre-touch: Disabled
 Parallel Workers: 4
 Concurrent Workers: 1
 Concurrent Refinement Workers: 4
 Periodic GC: Disabled
Heap:
 garbage-first heap   total 110592K, used 86275K [0x0000000080000000, 0x0000000100000000)
  region size 1024K, 31 young (31744K), 1 survivors (1024K)
 Metaspace       used 70468K, committed 71040K, reserved 1114112K
  class space    used 9584K, committed 9856K, reserved 1048576K
GC Heap History (20 events):
Event: 19.514 GC heap before
{Heap before GC invocations=16 (full 0):
 garbage-first heap   total 89088K, used 74056K [0x0000000080000000, 0x0000000100000000)
  region size 1024K, 37 young (37888K), 5 survivors (5120K)
 Metaspace       used 56601K, committed 57152K, reserved 1114112K
  class space    used 7768K, committed 8064K, reserved 1048576K
}
Event: 19.529 GC heap after
{Heap after GC invocations=17 (full 0):
 garbage-first heap   total 89088K, used 48381K [0x0000000080000000, 0x0000000100000000)
  region size 1024K, 5 young (5120K), 5 survivors (5120K)
 Metaspace       used 56601K, committed 57152K, reserved 1114112K
  class space    used 7768K, committed 8064K, reserved 1048576K
}
Event: 19.719 GC heap before
{Heap before GC invocations=17 (full 0):
 garbage-first heap   total 89088K, used 55549K [0x0000000080000000, 0x0000000100000000)
  region size 1024K, 14 young (14336K), 5 survivors (5120K)
 Metaspace       used 57178K, committed 57792K, reserved 1114112K
  class space    used 7823K, committed 8128K, reserved 1048576K
}
Event: 19.725 GC heap after
{Heap after GC invocations=18 (full 0):
 garbage-first heap   total 89088K, used 49806K [0x0000000080000000, 0x0000000100000000)
  region size 1024K, 1 young (1024K), 1 survivors (1024K)
 Metaspace       used 57178K, committed 57792K, reserved 1114112K
  class space    used 7823K, committed 8128K, reserved 1048576K
}
Event: 20.597 GC heap before
{Heap before GC invocations=19 (full 0):
 garbage-first heap   total 91136K, used 71310K [0x0000000080000000, 0x0000000100000000)
  region size 1024K, 21 young (21504K), 1 survivors (1024K)
 Metaspace       used 58778K, committed 59392K, reserved 1114112K
  class space    used 8051K, committed 8320K, reserved 1048576K
}
Event: 20.601 GC heap after
{Heap after GC invocations=20 (full 0):
 garbage-first heap   total 91136K, used 51034K [0x0000000080000000, 0x0000000100000000)
  region size 1024K, 2 young (2048K), 2 survivors (2048K)
 Metaspace       used 58778K, committed 59392K, reserved 1114112K
  class space    used 8051K, committed 8320K, reserved 1048576K
}
Event: 20.679 GC heap before
{Heap before GC invocations=20 (full 0):
 garbage-first heap   total 91136K, used 53082K [0x0000000080000000, 0x0000000100000000)
  region size 1024K, 4 young (4096K), 2 survivors (2048K)
 Metaspace       used 58931K, committed 59584K, reserved 1114112K
  class space    used 8074K, committed 8384K, reserved 1048576K
}
Event: 20.686 GC heap after
{Heap after GC invocations=21 (full 0):
 garbage-first heap   total 91136K, used 50682K [0x0000000080000000, 0x0000000100000000)
  region size 1024K, 1 young (1024K), 1 survivors (1024K)
 Metaspace       used 58931K, committed 59584K, reserved 1114112K
  class space    used 8074K, committed 8384K, reserved 1048576K
}
Event: 21.446 GC heap before
{Heap before GC invocations=21 (full 0):
 garbage-first heap   total 91136K, used 72186K [0x0000000080000000, 0x0000000100000000)
  region size 1024K, 23 young (23552K), 1 survivors (1024K)
 Metaspace       used 61163K, committed 61696K, reserved 1114112K
  class space    used 8317K, committed 8576K, reserved 1048576K
}
Event: 21.450 GC heap after
{Heap after GC invocations=22 (full 0):
 garbage-first heap   total 91136K, used 51200K [0x0000000080000000, 0x0000000100000000)
  region size 1024K, 1 young (1024K), 1 survivors (1024K)
 Metaspace       used 61163K, committed 61696K, reserved 1114112K
  class space    used 8317K, committed 8576K, reserved 1048576K
}
Event: 22.291 GC heap before
{Heap before GC invocations=23 (full 0):
 garbage-first heap   total 92160K, used 73728K [0x0000000080000000, 0x0000000100000000)
  region size 1024K, 24 young (24576K), 1 survivors (1024K)
 Metaspace       used 63483K, committed 64064K, reserved 1114112K
  class space    used 8639K, committed 8896K, reserved 1048576K
}
Event: 22.297 GC heap after
{Heap after GC invocations=24 (full 0):
 garbage-first heap   total 92160K, used 51875K [0x0000000080000000, 0x0000000100000000)
  region size 1024K, 2 young (2048K), 2 survivors (2048K)
 Metaspace       used 63483K, committed 64064K, reserved 1114112K
  class space    used 8639K, committed 8896K, reserved 1048576K
}
Event: 22.405 GC heap before
{Heap before GC invocations=24 (full 0):
 garbage-first heap   total 92160K, used 53923K [0x0000000080000000, 0x0000000100000000)
  region size 1024K, 4 young (4096K), 2 survivors (2048K)
 Metaspace       used 63825K, committed 64384K, reserved 1114112K
  class space    used 8694K, committed 8960K, reserved 1048576K
}
Event: 22.410 GC heap after
{Heap after GC invocations=25 (full 0):
 garbage-first heap   total 92160K, used 51272K [0x0000000080000000, 0x0000000100000000)
  region size 1024K, 1 young (1024K), 1 survivors (1024K)
 Metaspace       used 63825K, committed 64384K, reserved 1114112K
  class space    used 8694K, committed 8960K, reserved 1048576K
}
Event: 23.095 GC heap before
{Heap before GC invocations=25 (full 0):
 garbage-first heap   total 92160K, used 78920K [0x0000000080000000, 0x0000000100000000)
  region size 1024K, 25 young (25600K), 1 survivors (1024K)
 Metaspace       used 66136K, committed 66752K, reserved 1114112K
  class space    used 8990K, committed 9280K, reserved 1048576K
}
Event: 23.103 GC heap after
{Heap after GC invocations=26 (full 0):
 garbage-first heap   total 110592K, used 58324K [0x0000000080000000, 0x0000000100000000)
  region size 1024K, 4 young (4096K), 4 survivors (4096K)
 Metaspace       used 66136K, committed 66752K, reserved 1114112K
  class space    used 8990K, committed 9280K, reserved 1048576K
}
Event: 24.187 GC heap before
{Heap before GC invocations=27 (full 0):
 garbage-first heap   total 110592K, used 92116K [0x0000000080000000, 0x0000000100000000)
  region size 1024K, 35 young (35840K), 4 survivors (4096K)
 Metaspace       used 68163K, committed 68800K, reserved 1114112K
  class space    used 9269K, committed 9536K, reserved 1048576K
}
Event: 24.196 GC heap after
{Heap after GC invocations=28 (full 0):
 garbage-first heap   total 110592K, used 57156K [0x0000000080000000, 0x0000000100000000)
  region size 1024K, 4 young (4096K), 4 survivors (4096K)
 Metaspace       used 68163K, committed 68800K, reserved 1114112K
  class space    used 9269K, committed 9536K, reserved 1048576K
}
Event: 24.228 GC heap before
{Heap before GC invocations=28 (full 0):
 garbage-first heap   total 110592K, used 58180K [0x0000000080000000, 0x0000000100000000)
  region size 1024K, 5 young (5120K), 4 survivors (4096K)
 Metaspace       used 68240K, committed 68864K, reserved 1114112K
  class space    used 9283K, committed 9600K, reserved 1048576K
}
Event: 24.233 GC heap after
{Heap after GC invocations=29 (full 0):
 garbage-first heap   total 110592K, used 56579K [0x0000000080000000, 0x0000000100000000)
  region size 1024K, 1 young (1024K), 1 survivors (1024K)
 Metaspace       used 68240K, committed 68864K, reserved 1114112K
  class space    used 9283K, committed 9600K, reserved 1048576K
}

