# JRE version: OpenJDK Runtime Environment (17.0.9) (build 17.0.9+0--11185874)
# Java VM: OpenJDK 64-Bit Server VM (17.0.9+0--11185874, mixed mode, tiered, compressed oops, compressed class ptrs, g1 gc, windows-amd64)
GC Precious Log:
 CPUs: 4 total, 4 available
 Memory: 6082M
 Large Page Support: Disabled
 NUMA Support: Disabled
 Compressed Oops: Enabled (32-bit)
 Heap Region Size: 1M
 Heap Min Capacity: 8M
 Heap Initial Capacity: 96M
 Heap Max Capacity: 2G
 Pre-touch: Disabled
 Parallel Workers: 4
 Concurrent Workers: 1
 Concurrent Refinement Workers: 4
 Periodic GC: Disabled
Heap:
 garbage-first heap   total 81920K, used 49115K [0x0000000080000000, 0x0000000100000000)
  region size 1024K, 1 young (1024K), 1 survivors (1024K)
 Metaspace       used 57226K, committed 57792K, reserved 1114112K
  class space    used 7828K, committed 8128K, reserved 1048576K
GC Heap History (20 events):
Event: 16.287 GC heap after
{Heap after GC invocations=16 (full 0):
 garbage-first heap   total 65536K, used 32232K [0x0000000080000000, 0x0000000100000000)
  region size 1024K, 1 young (1024K), 1 survivors (1024K)
 Metaspace       used 48132K, committed 48576K, reserved 1114112K
  class space    used 6478K, committed 6720K, reserved 1048576K
}
Event: 17.588 GC heap before
{Heap before GC invocations=17 (full 0):
 garbage-first heap   total 65536K, used 52712K [0x0000000080000000, 0x0000000100000000)
  region size 1024K, 21 young (21504K), 1 survivors (1024K)
 Metaspace       used 50977K, committed 51456K, reserved 1114112K
  class space    used 6932K, committed 7168K, reserved 1048576K
}
Event: 17.594 GC heap after
{Heap after GC invocations=18 (full 0):
 garbage-first heap   total 65536K, used 33419K [0x0000000080000000, 0x0000000100000000)
  region size 1024K, 3 young (3072K), 3 survivors (3072K)
 Metaspace       used 50977K, committed 51456K, reserved 1114112K
  class space    used 6932K, committed 7168K, reserved 1048576K
}
Event: 18.624 GC heap before
{Heap before GC invocations=18 (full 0):
 garbage-first heap   total 65536K, used 52875K [0x0000000080000000, 0x0000000100000000)
  region size 1024K, 22 young (22528K), 3 survivors (3072K)
 Metaspace       used 53327K, committed 53824K, reserved 1114112K
  class space    used 7322K, committed 7552K, reserved 1048576K
}
Event: 18.630 GC heap after
{Heap after GC invocations=19 (full 0):
 garbage-first heap   total 65536K, used 34510K [0x0000000080000000, 0x0000000100000000)
  region size 1024K, 3 young (3072K), 3 survivors (3072K)
 Metaspace       used 53327K, committed 53824K, reserved 1114112K
  class space    used 7322K, committed 7552K, reserved 1048576K
}
Event: 19.931 GC heap before
{Heap before GC invocations=20 (full 0):
 garbage-first heap   total 65536K, used 52942K [0x0000000080000000, 0x0000000100000000)
  region size 1024K, 21 young (21504K), 3 survivors (3072K)
 Metaspace       used 55236K, committed 55808K, reserved 1114112K
  class space    used 7602K, committed 7872K, reserved 1048576K
}
Event: 19.943 GC heap after
{Heap after GC invocations=21 (full 0):
 garbage-first heap   total 65536K, used 36154K [0x0000000080000000, 0x0000000100000000)
  region size 1024K, 3 young (3072K), 3 survivors (3072K)
 Metaspace       used 55236K, committed 55808K, reserved 1114112K
  class space    used 7602K, committed 7872K, reserved 1048576K
}
Event: 21.216 GC heap before
{Heap before GC invocations=21 (full 0):
 garbage-first heap   total 65536K, used 52538K [0x0000000080000000, 0x0000000100000000)
  region size 1024K, 20 young (20480K), 3 survivors (3072K)
 Metaspace       used 55846K, committed 56384K, reserved 1114112K
  class space    used 7651K, committed 7936K, reserved 1048576K
}
Event: 21.228 GC heap after
{Heap after GC invocations=22 (full 0):
 garbage-first heap   total 65536K, used 38295K [0x0000000080000000, 0x0000000100000000)
  region size 1024K, 3 young (3072K), 3 survivors (3072K)
 Metaspace       used 55846K, committed 56384K, reserved 1114112K
  class space    used 7651K, committed 7936K, reserved 1048576K
}
Event: 21.417 GC heap before
{Heap before GC invocations=23 (full 0):
 garbage-first heap   total 70656K, used 41367K [0x0000000080000000, 0x0000000100000000)
  region size 1024K, 7 young (7168K), 3 survivors (3072K)
 Metaspace       used 55952K, committed 56448K, reserved 1114112K
  class space    used 7660K, committed 7936K, reserved 1048576K
}
Event: 21.422 GC heap after
{Heap after GC invocations=24 (full 0):
 garbage-first heap   total 70656K, used 38594K [0x0000000080000000, 0x0000000100000000)
  region size 1024K, 1 young (1024K), 1 survivors (1024K)
 Metaspace       used 55952K, committed 56448K, reserved 1114112K
  class space    used 7660K, committed 7936K, reserved 1048576K
}
Event: 21.568 GC heap before
{Heap before GC invocations=25 (full 0):
 garbage-first heap   total 73728K, used 41666K [0x0000000080000000, 0x0000000100000000)
  region size 1024K, 4 young (4096K), 1 survivors (1024K)
 Metaspace       used 56022K, committed 56576K, reserved 1114112K
  class space    used 7669K, committed 7936K, reserved 1048576K
}
Event: 21.572 GC heap after
{Heap after GC invocations=26 (full 0):
 garbage-first heap   total 73728K, used 41879K [0x0000000080000000, 0x0000000100000000)
  region size 1024K, 2 young (2048K), 2 survivors (2048K)
 Metaspace       used 56022K, committed 56576K, reserved 1114112K
  class space    used 7669K, committed 7936K, reserved 1048576K
}
Event: 21.714 GC heap before
{Heap before GC invocations=27 (full 0):
 garbage-first heap   total 78848K, used 44951K [0x0000000080000000, 0x0000000100000000)
  region size 1024K, 6 young (6144K), 2 survivors (2048K)
 Metaspace       used 56034K, committed 56576K, reserved 1114112K
  class space    used 7669K, committed 7936K, reserved 1048576K
}
Event: 21.721 GC heap after
{Heap after GC invocations=28 (full 0):
 garbage-first heap   total 78848K, used 45826K [0x0000000080000000, 0x0000000100000000)
  region size 1024K, 2 young (2048K), 2 survivors (2048K)
 Metaspace       used 56034K, committed 56576K, reserved 1114112K
  class space    used 7669K, committed 7936K, reserved 1048576K
}
Event: 22.269 GC heap before
{Heap before GC invocations=29 (full 0):
 garbage-first heap   total 81920K, used 58114K [0x0000000080000000, 0x0000000100000000)
  region size 1024K, 13 young (13312K), 2 survivors (2048K)
 Metaspace       used 56731K, committed 57280K, reserved 1114112K
  class space    used 7781K, committed 8064K, reserved 1048576K
}
Event: 22.274 GC heap after
{Heap after GC invocations=30 (full 0):
 garbage-first heap   total 81920K, used 49160K [0x0000000080000000, 0x0000000100000000)
  region size 1024K, 2 young (2048K), 2 survivors (2048K)
 Metaspace       used 56731K, committed 57280K, reserved 1114112K
  class space    used 7781K, committed 8064K, reserved 1048576K
}
Event: 22.394 GC heap before
{Heap before GC invocations=30 (full 0):
 garbage-first heap   total 81920K, used 50184K [0x0000000080000000, 0x0000000100000000)
  region size 1024K, 4 young (4096K), 2 survivors (2048K)
 Metaspace       used 56908K, committed 57408K, reserved 1114112K
  class space    used 7805K, committed 8064K, reserved 1048576K
}
Event: 22.397 GC heap after
{Heap after GC invocations=31 (full 0):
 garbage-first heap   total 81920K, used 48684K [0x0000000080000000, 0x0000000100000000)
  region size 1024K, 1 young (1024K), 1 survivors (1024K)
 Metaspace       used 56908K, committed 57408K, reserved 1114112K
  class space    used 7805K, committed 8064K, reserved 1048576K
}
Event: 22.559 GC heap before
{Heap before GC invocations=31 (full 0):
 garbage-first heap   total 81920K, used 53804K [0x0000000080000000, 0x0000000100000000)
  region size 1024K, 7 young (7168K), 1 survivors (1024K)
 Metaspace       used 57226K, committed 57792K, reserved 1114112K
  class space    used 7828K, committed 8128K, reserved 1048576K
}

