# JRE version: OpenJDK Runtime Environment (17.0.9) (build 17.0.9+0--11185874)
# Java VM: OpenJDK 64-Bit Server VM (17.0.9+0--11185874, mixed mode, tiered, compressed oops, compressed class ptrs, g1 gc, windows-amd64)
GC Precious Log:
 CPUs: 4 total, 4 available
 Memory: 6082M
 Large Page Support: Disabled
 NUMA Support: Disabled
 Compressed Oops: Enabled (32-bit)
 Heap Region Size: 1M
 Heap Min Capacity: 8M
 Heap Initial Capacity: 96M
 Heap Max Capacity: 2G
 Pre-touch: Disabled
 Parallel Workers: 4
 Concurrent Workers: 1
 Concurrent Refinement Workers: 4
 Periodic GC: Disabled
Heap:
 garbage-first heap   total 354304K, used 273280K [0x0000000080000000, 0x0000000100000000)
  region size 1024K, 52 young (53248K), 3 survivors (3072K)
 Metaspace       used 147347K, committed 148416K, reserved 1179648K
  class space    used 19574K, committed 20096K, reserved 1048576K
GC Heap History (20 events):
Event: 121.777 GC heap before
{Heap before GC invocations=60 (full 0):
 garbage-first heap   total 294912K, used 270822K [0x0000000080000000, 0x0000000100000000)
  region size 1024K, 86 young (88064K), 5 survivors (5120K)
 Metaspace       used 138222K, committed 139264K, reserved 1179648K
  class space    used 18737K, committed 19264K, reserved 1048576K
}
Event: 121.904 GC heap after
{Heap after GC invocations=61 (full 0):
 garbage-first heap   total 294912K, used 157017K [0x0000000080000000, 0x0000000100000000)
  region size 1024K, 4 young (4096K), 4 survivors (4096K)
 Metaspace       used 138222K, committed 139264K, reserved 1179648K
  class space    used 18737K, committed 19264K, reserved 1048576K
}
Event: 1598.366 GC heap before
{Heap before GC invocations=61 (full 0):
 garbage-first heap   total 294912K, used 245081K [0x0000000080000000, 0x0000000100000000)
  region size 1024K, 90 young (92160K), 4 survivors (4096K)
 Metaspace       used 138681K, committed 139712K, reserved 1179648K
  class space    used 18759K, committed 19264K, reserved 1048576K
}
Event: 1598.501 GC heap after
{Heap after GC invocations=62 (full 0):
 garbage-first heap   total 294912K, used 164237K [0x0000000080000000, 0x0000000100000000)
  region size 1024K, 11 young (11264K), 11 survivors (11264K)
 Metaspace       used 138681K, committed 139712K, reserved 1179648K
  class space    used 18759K, committed 19264K, reserved 1048576K
}
Event: 1601.636 GC heap before
{Heap before GC invocations=62 (full 0):
 garbage-first heap   total 294912K, used 246157K [0x0000000080000000, 0x0000000100000000)
  region size 1024K, 89 young (91136K), 11 survivors (11264K)
 Metaspace       used 142496K, committed 143552K, reserved 1179648K
  class space    used 19188K, committed 19712K, reserved 1048576K
}
Event: 1601.727 GC heap after
{Heap after GC invocations=63 (full 0):
 garbage-first heap   total 294912K, used 167277K [0x0000000080000000, 0x0000000100000000)
  region size 1024K, 4 young (4096K), 4 survivors (4096K)
 Metaspace       used 142496K, committed 143552K, reserved 1179648K
  class space    used 19188K, committed 19712K, reserved 1048576K
}
Event: 1669.365 GC heap before
{Heap before GC invocations=63 (full 0):
 garbage-first heap   total 294912K, used 245101K [0x0000000080000000, 0x0000000100000000)
  region size 1024K, 81 young (82944K), 4 survivors (4096K)
 Metaspace       used 143565K, committed 144640K, reserved 1179648K
  class space    used 19288K, committed 19840K, reserved 1048576K
}
Event: 1669.493 GC heap after
{Heap after GC invocations=64 (full 0):
 garbage-first heap   total 294912K, used 173225K [0x0000000080000000, 0x0000000100000000)
  region size 1024K, 10 young (10240K), 10 survivors (10240K)
 Metaspace       used 143565K, committed 144640K, reserved 1179648K
  class space    used 19288K, committed 19840K, reserved 1048576K
}
Event: 1672.752 GC heap before
{Heap before GC invocations=64 (full 0):
 garbage-first heap   total 294912K, used 254121K [0x0000000080000000, 0x0000000100000000)
  region size 1024K, 81 young (82944K), 10 survivors (10240K)
 Metaspace       used 143882K, committed 144960K, reserved 1179648K
  class space    used 19293K, committed 19840K, reserved 1048576K
}
Event: 1672.851 GC heap after
{Heap after GC invocations=65 (full 0):
 garbage-first heap   total 294912K, used 193205K [0x0000000080000000, 0x0000000100000000)
  region size 1024K, 11 young (11264K), 11 survivors (11264K)
 Metaspace       used 143882K, committed 144960K, reserved 1179648K
  class space    used 19293K, committed 19840K, reserved 1048576K
}
Event: 1674.555 GC heap before
{Heap before GC invocations=65 (full 0):
 garbage-first heap   total 294912K, used 246453K [0x0000000080000000, 0x0000000100000000)
  region size 1024K, 56 young (57344K), 11 survivors (11264K)
 Metaspace       used 143999K, committed 145088K, reserved 1179648K
  class space    used 19296K, committed 19840K, reserved 1048576K
}
Event: 1674.594 GC heap after
{Heap after GC invocations=66 (full 0):
 garbage-first heap   total 294912K, used 206855K [0x0000000080000000, 0x0000000100000000)
  region size 1024K, 7 young (7168K), 7 survivors (7168K)
 Metaspace       used 143999K, committed 145088K, reserved 1179648K
  class space    used 19296K, committed 19840K, reserved 1048576K
}
Event: 1675.153 GC heap before
{Heap before GC invocations=66 (full 0):
 garbage-first heap   total 294912K, used 240647K [0x0000000080000000, 0x0000000100000000)
  region size 1024K, 41 young (41984K), 7 survivors (7168K)
 Metaspace       used 144134K, committed 145216K, reserved 1179648K
  class space    used 19306K, committed 19840K, reserved 1048576K
}
Event: 1675.172 GC heap after
{Heap after GC invocations=67 (full 0):
 garbage-first heap   total 294912K, used 213511K [0x0000000080000000, 0x0000000100000000)
  region size 1024K, 6 young (6144K), 6 survivors (6144K)
 Metaspace       used 144134K, committed 145216K, reserved 1179648K
  class space    used 19306K, committed 19840K, reserved 1048576K
}
Event: 1677.224 GC heap before
{Heap before GC invocations=67 (full 0):
 garbage-first heap   total 294912K, used 244231K [0x0000000080000000, 0x0000000100000000)
  region size 1024K, 37 young (37888K), 6 survivors (6144K)
 Metaspace       used 145706K, committed 146816K, reserved 1179648K
  class space    used 19437K, committed 19968K, reserved 1048576K
}
Event: 1677.242 GC heap after
{Heap after GC invocations=68 (full 0):
 garbage-first heap   total 354304K, used 219092K [0x0000000080000000, 0x0000000100000000)
  region size 1024K, 5 young (5120K), 5 survivors (5120K)
 Metaspace       used 145706K, committed 146816K, reserved 1179648K
  class space    used 19437K, committed 19968K, reserved 1048576K
}
Event: 1677.969 GC heap before
{Heap before GC invocations=68 (full 0):
 garbage-first heap   total 354304K, used 279508K [0x0000000080000000, 0x0000000100000000)
  region size 1024K, 65 young (66560K), 5 survivors (5120K)
 Metaspace       used 147158K, committed 148224K, reserved 1179648K
  class space    used 19568K, committed 20096K, reserved 1048576K
}
Event: 1677.990 GC heap after
{Heap after GC invocations=69 (full 0):
 garbage-first heap   total 354304K, used 226756K [0x0000000080000000, 0x0000000100000000)
  region size 1024K, 9 young (9216K), 9 survivors (9216K)
 Metaspace       used 147158K, committed 148224K, reserved 1179648K
  class space    used 19568K, committed 20096K, reserved 1048576K
}
Event: 1678.914 GC heap before
{Heap before GC invocations=69 (full 0):
 garbage-first heap   total 354304K, used 285124K [0x0000000080000000, 0x0000000100000000)
  region size 1024K, 66 young (67584K), 9 survivors (9216K)
 Metaspace       used 147242K, committed 148288K, reserved 1179648K
  class space    used 19570K, committed 20096K, reserved 1048576K
}
Event: 1678.931 GC heap after
{Heap after GC invocations=70 (full 0):
 garbage-first heap   total 354304K, used 225152K [0x0000000080000000, 0x0000000100000000)
  region size 1024K, 3 young (3072K), 3 survivors (3072K)
 Metaspace       used 147242K, committed 148288K, reserved 1179648K
  class space    used 19570K, committed 20096K, reserved 1048576K
}

