# JRE version: OpenJDK Runtime Environment (17.0.9) (build 17.0.9+0--11185874)
# Java VM: OpenJDK 64-Bit Server VM (17.0.9+0--11185874, mixed mode, tiered, compressed oops, compressed class ptrs, g1 gc, windows-amd64)
GC Precious Log:
 CPUs: 4 total, 4 available
 Memory: 6082M
 Large Page Support: Disabled
 NUMA Support: Disabled
 Compressed Oops: Enabled (32-bit)
 Heap Region Size: 1M
 Heap Min Capacity: 8M
 Heap Initial Capacity: 96M
 Heap Max Capacity: 2G
 Pre-touch: Disabled
 Parallel Workers: 4
 Concurrent Workers: 1
 Concurrent Refinement Workers: 4
 Periodic GC: Disabled
Heap:
 garbage-first heap   total 510976K, used 259824K [0x0000000080000000, 0x0000000100000000)
  region size 1024K, 3 young (3072K), 3 survivors (3072K)
 Metaspace       used 208531K, committed 209856K, reserved 1245184K
  class space    used 27349K, committed 27968K, reserved 1048576K
GC Heap History (20 events):
Event: 1058.853 GC heap after
{Heap after GC invocations=91 (full 0):
 garbage-first heap   total 355328K, used 306021K [0x0000000080000000, 0x0000000100000000)
  region size 1024K, 1 young (1024K), 1 survivors (1024K)
 Metaspace       used 197454K, committed 198656K, reserved 1245184K
  class space    used 25676K, committed 26240K, reserved 1048576K
}
Event: 1059.294 GC heap before
{Heap before GC invocations=91 (full 0):
 garbage-first heap   total 355328K, used 321380K [0x0000000080000000, 0x0000000100000000)
  region size 1024K, 17 young (17408K), 1 survivors (1024K)
 Metaspace       used 199361K, committed 200640K, reserved 1245184K
  class space    used 25953K, committed 26560K, reserved 1048576K
}
Event: 1059.299 GC heap after
{Heap after GC invocations=92 (full 0):
 garbage-first heap   total 355328K, used 306554K [0x0000000080000000, 0x0000000100000000)
  region size 1024K, 2 young (2048K), 2 survivors (2048K)
 Metaspace       used 199361K, committed 200640K, reserved 1245184K
  class space    used 25953K, committed 26560K, reserved 1048576K
}
Event: 1059.990 GC heap before
{Heap before GC invocations=92 (full 0):
 garbage-first heap   total 355328K, used 320890K [0x0000000080000000, 0x0000000100000000)
  region size 1024K, 17 young (17408K), 2 survivors (2048K)
 Metaspace       used 201032K, committed 202304K, reserved 1245184K
  class space    used 26223K, committed 26816K, reserved 1048576K
}
Event: 1059.997 GC heap after
{Heap after GC invocations=93 (full 0):
 garbage-first heap   total 355328K, used 307044K [0x0000000080000000, 0x0000000100000000)
  region size 1024K, 2 young (2048K), 2 survivors (2048K)
 Metaspace       used 201032K, committed 202304K, reserved 1245184K
  class space    used 26223K, committed 26816K, reserved 1048576K
}
Event: 1060.878 GC heap before
{Heap before GC invocations=93 (full 0):
 garbage-first heap   total 355328K, used 321380K [0x0000000080000000, 0x0000000100000000)
  region size 1024K, 17 young (17408K), 2 survivors (2048K)
 Metaspace       used 203011K, committed 204224K, reserved 1245184K
  class space    used 26554K, committed 27136K, reserved 1048576K
}
Event: 1060.886 GC heap after
{Heap after GC invocations=94 (full 0):
 garbage-first heap   total 355328K, used 307545K [0x0000000080000000, 0x0000000100000000)
  region size 1024K, 2 young (2048K), 2 survivors (2048K)
 Metaspace       used 203011K, committed 204224K, reserved 1245184K
  class space    used 26554K, committed 27136K, reserved 1048576K
}
Event: 1061.319 GC heap before
{Heap before GC invocations=94 (full 0):
 garbage-first heap   total 355328K, used 322905K [0x0000000080000000, 0x0000000100000000)
  region size 1024K, 17 young (17408K), 2 survivors (2048K)
 Metaspace       used 204396K, committed 205632K, reserved 1245184K
  class space    used 26770K, committed 27392K, reserved 1048576K
}
Event: 1061.325 GC heap after
{Heap after GC invocations=95 (full 0):
 garbage-first heap   total 355328K, used 307812K [0x0000000080000000, 0x0000000100000000)
  region size 1024K, 2 young (2048K), 2 survivors (2048K)
 Metaspace       used 204396K, committed 205632K, reserved 1245184K
  class space    used 26770K, committed 27392K, reserved 1048576K
}
Event: 1061.870 GC heap before
{Heap before GC invocations=95 (full 0):
 garbage-first heap   total 355328K, used 323172K [0x0000000080000000, 0x0000000100000000)
  region size 1024K, 17 young (17408K), 2 survivors (2048K)
 Metaspace       used 205059K, committed 206336K, reserved 1245184K
  class space    used 26807K, committed 27456K, reserved 1048576K
}
Event: 1061.876 GC heap after
{Heap after GC invocations=96 (full 0):
 garbage-first heap   total 355328K, used 309585K [0x0000000080000000, 0x0000000100000000)
  region size 1024K, 3 young (3072K), 3 survivors (3072K)
 Metaspace       used 205059K, committed 206336K, reserved 1245184K
  class space    used 26807K, committed 27456K, reserved 1048576K
}
Event: 1062.172 GC heap before
{Heap before GC invocations=96 (full 0):
 garbage-first heap   total 355328K, used 323921K [0x0000000080000000, 0x0000000100000000)
  region size 1024K, 17 young (17408K), 3 survivors (3072K)
 Metaspace       used 205585K, committed 206848K, reserved 1245184K
  class space    used 26903K, committed 27520K, reserved 1048576K
}
Event: 1062.186 GC heap after
{Heap after GC invocations=97 (full 0):
 garbage-first heap   total 355328K, used 309291K [0x0000000080000000, 0x0000000100000000)
  region size 1024K, 1 young (1024K), 1 survivors (1024K)
 Metaspace       used 205585K, committed 206848K, reserved 1245184K
  class space    used 26903K, committed 27520K, reserved 1048576K
}
Event: 1062.883 GC heap before
{Heap before GC invocations=97 (full 0):
 garbage-first heap   total 355328K, used 325675K [0x0000000080000000, 0x0000000100000000)
  region size 1024K, 17 young (17408K), 1 survivors (1024K)
 Metaspace       used 205964K, committed 207296K, reserved 1245184K
  class space    used 26937K, committed 27584K, reserved 1048576K
}
Event: 1062.900 GC heap after
{Heap after GC invocations=98 (full 0):
 garbage-first heap   total 355328K, used 309484K [0x0000000080000000, 0x0000000100000000)
  region size 1024K, 1 young (1024K), 1 survivors (1024K)
 Metaspace       used 205964K, committed 207296K, reserved 1245184K
  class space    used 26937K, committed 27584K, reserved 1048576K
}
Event: 1064.256 GC heap before
{Heap before GC invocations=98 (full 0):
 garbage-first heap   total 355328K, used 325868K [0x0000000080000000, 0x0000000100000000)
  region size 1024K, 17 young (17408K), 1 survivors (1024K)
 Metaspace       used 206263K, committed 207552K, reserved 1245184K
  class space    used 26962K, committed 27584K, reserved 1048576K
}
Event: 1064.261 GC heap after
{Heap after GC invocations=99 (full 0):
 garbage-first heap   total 355328K, used 309664K [0x0000000080000000, 0x0000000100000000)
  region size 1024K, 2 young (2048K), 2 survivors (2048K)
 Metaspace       used 206263K, committed 207552K, reserved 1245184K
  class space    used 26962K, committed 27584K, reserved 1048576K
}
Event: 1067.157 GC heap before
{Heap before GC invocations=100 (full 0):
 garbage-first heap   total 510976K, used 320928K [0x0000000080000000, 0x0000000100000000)
  region size 1024K, 24 young (24576K), 2 survivors (2048K)
 Metaspace       used 207714K, committed 209024K, reserved 1245184K
  class space    used 27233K, committed 27904K, reserved 1048576K
}
Event: 1067.167 GC heap after
{Heap after GC invocations=101 (full 0):
 garbage-first heap   total 510976K, used 300852K [0x0000000080000000, 0x0000000100000000)
  region size 1024K, 3 young (3072K), 3 survivors (3072K)
 Metaspace       used 207714K, committed 209024K, reserved 1245184K
  class space    used 27233K, committed 27904K, reserved 1048576K
}
Event: 1067.879 GC heap before
{Heap before GC invocations=101 (full 0):
 garbage-first heap   total 510976K, used 322356K [0x0000000080000000, 0x0000000100000000)
  region size 1024K, 25 young (25600K), 3 survivors (3072K)
 Metaspace       used 208531K, committed 209856K, reserved 1245184K
  class space    used 27349K, committed 27968K, reserved 1048576K
}

