# JRE version: OpenJDK Runtime Environment (17.0.9) (build 17.0.9+0--11185874)
# Java VM: OpenJDK 64-Bit Server VM (17.0.9+0--11185874, mixed mode, tiered, compressed oops, compressed class ptrs, g1 gc, windows-amd64)
GC Precious Log:
 CPUs: 4 total, 4 available
 Memory: 6082M
 Large Page Support: Disabled
 NUMA Support: Disabled
 Compressed Oops: Enabled (32-bit)
 Heap Region Size: 1M
 Heap Min Capacity: 8M
 Heap Initial Capacity: 96M
 Heap Max Capacity: 2G
 Pre-touch: Disabled
 Parallel Workers: 4
 Concurrent Workers: 1
 Concurrent Refinement Workers: 4
 Periodic GC: Disabled
Heap:
 garbage-first heap   total 98304K, used 65521K [0x0000000080000000, 0x0000000100000000)
  region size 1024K, 13 young (13312K), 4 survivors (4096K)
 Metaspace       used 66239K, committed 66880K, reserved 1114112K
  class space    used 8995K, committed 9280K, reserved 1048576K
GC Heap History (20 events):
Event: 9.988 GC heap before
{Heap before GC invocations=9 (full 0):
 garbage-first heap   total 68608K, used 35654K [0x0000000080000000, 0x0000000100000000)
  region size 1024K, 16 young (16384K), 3 survivors (3072K)
 Metaspace       used 35743K, committed 36096K, reserved 1114112K
  class space    used 4858K, committed 5056K, reserved 1048576K
}
Event: 9.998 GC heap after
{Heap after GC invocations=10 (full 0):
 garbage-first heap   total 68608K, used 24137K [0x0000000080000000, 0x0000000100000000)
  region size 1024K, 2 young (2048K), 2 survivors (2048K)
 Metaspace       used 35743K, committed 36096K, reserved 1114112K
  class space    used 4858K, committed 5056K, reserved 1048576K
}
Event: 10.943 GC heap before
{Heap before GC invocations=11 (full 0):
 garbage-first heap   total 68608K, used 52809K [0x0000000080000000, 0x0000000100000000)
  region size 1024K, 31 young (31744K), 2 survivors (2048K)
 Metaspace       used 41025K, committed 41408K, reserved 1114112K
  class space    used 5422K, committed 5568K, reserved 1048576K
}
Event: 10.952 GC heap after
{Heap after GC invocations=12 (full 0):
 garbage-first heap   total 68608K, used 28120K [0x0000000080000000, 0x0000000100000000)
  region size 1024K, 4 young (4096K), 4 survivors (4096K)
 Metaspace       used 41025K, committed 41408K, reserved 1114112K
  class space    used 5422K, committed 5568K, reserved 1048576K
}
Event: 11.426 GC heap before
{Heap before GC invocations=12 (full 0):
 garbage-first heap   total 68608K, used 52696K [0x0000000080000000, 0x0000000100000000)
  region size 1024K, 28 young (28672K), 4 survivors (4096K)
 Metaspace       used 42004K, committed 42368K, reserved 1114112K
  class space    used 5585K, committed 5760K, reserved 1048576K
}
Event: 11.436 GC heap after
{Heap after GC invocations=13 (full 0):
 garbage-first heap   total 98304K, used 30034K [0x0000000080000000, 0x0000000100000000)
  region size 1024K, 2 young (2048K), 2 survivors (2048K)
 Metaspace       used 42004K, committed 42368K, reserved 1114112K
  class space    used 5585K, committed 5760K, reserved 1048576K
}
Event: 13.383 GC heap before
{Heap before GC invocations=13 (full 0):
 garbage-first heap   total 98304K, used 74066K [0x0000000080000000, 0x0000000100000000)
  region size 1024K, 44 young (45056K), 2 survivors (2048K)
 Metaspace       used 47595K, committed 48064K, reserved 1114112K
  class space    used 6406K, committed 6656K, reserved 1048576K
}
Event: 13.391 GC heap after
{Heap after GC invocations=14 (full 0):
 garbage-first heap   total 98304K, used 32434K [0x0000000080000000, 0x0000000100000000)
  region size 1024K, 5 young (5120K), 5 survivors (5120K)
 Metaspace       used 47595K, committed 48064K, reserved 1114112K
  class space    used 6406K, committed 6656K, reserved 1048576K
}
Event: 15.123 GC heap before
{Heap before GC invocations=14 (full 0):
 garbage-first heap   total 98304K, used 74418K [0x0000000080000000, 0x0000000100000000)
  region size 1024K, 46 young (47104K), 5 survivors (5120K)
 Metaspace       used 53164K, committed 53568K, reserved 1114112K
  class space    used 7294K, committed 7488K, reserved 1048576K
}
Event: 15.141 GC heap after
{Heap after GC invocations=15 (full 0):
 garbage-first heap   total 98304K, used 34530K [0x0000000080000000, 0x0000000100000000)
  region size 1024K, 5 young (5120K), 5 survivors (5120K)
 Metaspace       used 53164K, committed 53568K, reserved 1114112K
  class space    used 7294K, committed 7488K, reserved 1048576K
}
Event: 17.844 GC heap before
{Heap before GC invocations=15 (full 0):
 garbage-first heap   total 98304K, used 77538K [0x0000000080000000, 0x0000000100000000)
  region size 1024K, 46 young (47104K), 5 survivors (5120K)
 Metaspace       used 56034K, committed 56576K, reserved 1114112K
  class space    used 7659K, committed 7936K, reserved 1048576K
}
Event: 17.858 GC heap after
{Heap after GC invocations=16 (full 0):
 garbage-first heap   total 98304K, used 41156K [0x0000000080000000, 0x0000000100000000)
  region size 1024K, 6 young (6144K), 6 survivors (6144K)
 Metaspace       used 56034K, committed 56576K, reserved 1114112K
  class space    used 7659K, committed 7936K, reserved 1048576K
}
Event: 19.438 GC heap before
{Heap before GC invocations=16 (full 0):
 garbage-first heap   total 98304K, used 81092K [0x0000000080000000, 0x0000000100000000)
  region size 1024K, 41 young (41984K), 6 survivors (6144K)
 Metaspace       used 58214K, committed 58816K, reserved 1114112K
  class space    used 7944K, committed 8256K, reserved 1048576K
}
Event: 19.457 GC heap after
{Heap after GC invocations=17 (full 0):
 garbage-first heap   total 98304K, used 50553K [0x0000000080000000, 0x0000000100000000)
  region size 1024K, 6 young (6144K), 6 survivors (6144K)
 Metaspace       used 58214K, committed 58816K, reserved 1114112K
  class space    used 7944K, committed 8256K, reserved 1048576K
}
Event: 20.319 GC heap before
{Heap before GC invocations=17 (full 0):
 garbage-first heap   total 98304K, used 68985K [0x0000000080000000, 0x0000000100000000)
  region size 1024K, 25 young (25600K), 6 survivors (6144K)
 Metaspace       used 59914K, committed 60416K, reserved 1114112K
  class space    used 8183K, committed 8448K, reserved 1048576K
}
Event: 20.333 GC heap after
{Heap after GC invocations=18 (full 0):
 garbage-first heap   total 98304K, used 51932K [0x0000000080000000, 0x0000000100000000)
  region size 1024K, 1 young (1024K), 1 survivors (1024K)
 Metaspace       used 59914K, committed 60416K, reserved 1114112K
  class space    used 8183K, committed 8448K, reserved 1048576K
}
Event: 21.508 GC heap before
{Heap before GC invocations=19 (full 0):
 garbage-first heap   total 98304K, used 80604K [0x0000000080000000, 0x0000000100000000)
  region size 1024K, 29 young (29696K), 1 survivors (1024K)
 Metaspace       used 62847K, committed 63360K, reserved 1114112K
  class space    used 8515K, committed 8768K, reserved 1048576K
}
Event: 21.512 GC heap after
{Heap after GC invocations=20 (full 0):
 garbage-first heap   total 98304K, used 52195K [0x0000000080000000, 0x0000000100000000)
  region size 1024K, 2 young (2048K), 2 survivors (2048K)
 Metaspace       used 62847K, committed 63360K, reserved 1114112K
  class space    used 8515K, committed 8768K, reserved 1048576K
}
Event: 22.667 GC heap before
{Heap before GC invocations=20 (full 0):
 garbage-first heap   total 98304K, used 78819K [0x0000000080000000, 0x0000000100000000)
  region size 1024K, 29 young (29696K), 2 survivors (2048K)
 Metaspace       used 66233K, committed 66880K, reserved 1114112K
  class space    used 8995K, committed 9280K, reserved 1048576K
}
Event: 22.673 GC heap after
{Heap after GC invocations=21 (full 0):
 garbage-first heap   total 98304K, used 54257K [0x0000000080000000, 0x0000000100000000)
  region size 1024K, 4 young (4096K), 4 survivors (4096K)
 Metaspace       used 66233K, committed 66880K, reserved 1114112K
  class space    used 8995K, committed 9280K, reserved 1048576K
}

