# JRE version: OpenJDK Runtime Environment (17.0.9) (build 17.0.9+0--11185874)
# Java VM: OpenJDK 64-Bit Server VM (17.0.9+0--11185874, mixed mode, tiered, compressed oops, compressed class ptrs, g1 gc, windows-amd64)
GC Precious Log:
 CPUs: 4 total, 4 available
 Memory: 6082M
 Large Page Support: Disabled
 NUMA Support: Disabled
 Compressed Oops: Enabled (32-bit)
 Heap Region Size: 1M
 Heap Min Capacity: 8M
 Heap Initial Capacity: 96M
 Heap Max Capacity: 2G
 Pre-touch: Disabled
 Parallel Workers: 4
 Concurrent Workers: 1
 Concurrent Refinement Workers: 4
 Periodic GC: Disabled
Heap:
 garbage-first heap   total 141312K, used 85426K [0x0000000080000000, 0x0000000100000000)
  region size 1024K, 24 young (24576K), 4 survivors (4096K)
 Metaspace       used 85298K, committed 85952K, reserved 1179648K
  class space    used 11856K, committed 12160K, reserved 1048576K
GC Heap History (20 events):
Event: 22.061 GC heap before
{Heap before GC invocations=35 (full 0):
 garbage-first heap   total 91136K, used 70582K [0x0000000080000000, 0x0000000100000000)
  region size 1024K, 21 young (21504K), 2 survivors (2048K)
 Metaspace       used 63653K, committed 64192K, reserved 1114112K
  class space    used 8659K, committed 8896K, reserved 1048576K
}
Event: 22.066 GC heap after
{Heap after GC invocations=36 (full 0):
 garbage-first heap   total 91136K, used 51737K [0x0000000080000000, 0x0000000100000000)
  region size 1024K, 2 young (2048K), 2 survivors (2048K)
 Metaspace       used 63653K, committed 64192K, reserved 1114112K
  class space    used 8659K, committed 8896K, reserved 1048576K
}
Event: 22.764 GC heap before
{Heap before GC invocations=37 (full 0):
 garbage-first heap   total 92160K, used 67097K [0x0000000080000000, 0x0000000100000000)
  region size 1024K, 19 young (19456K), 2 survivors (2048K)
 Metaspace       used 66161K, committed 66816K, reserved 1114112K
  class space    used 8993K, committed 9280K, reserved 1048576K
}
Event: 22.770 GC heap after
{Heap after GC invocations=38 (full 0):
 garbage-first heap   total 92160K, used 53435K [0x0000000080000000, 0x0000000100000000)
  region size 1024K, 3 young (3072K), 3 survivors (3072K)
 Metaspace       used 66161K, committed 66816K, reserved 1114112K
  class space    used 8993K, committed 9280K, reserved 1048576K
}
Event: 23.184 GC heap before
{Heap before GC invocations=39 (full 0):
 garbage-first heap   total 117760K, used 76987K [0x0000000080000000, 0x0000000100000000)
  region size 1024K, 21 young (21504K), 3 survivors (3072K)
 Metaspace       used 66523K, committed 67136K, reserved 1114112K
  class space    used 9072K, committed 9344K, reserved 1048576K
}
Event: 23.192 GC heap after
{Heap after GC invocations=40 (full 0):
 garbage-first heap   total 117760K, used 55924K [0x0000000080000000, 0x0000000100000000)
  region size 1024K, 3 young (3072K), 3 survivors (3072K)
 Metaspace       used 66523K, committed 67136K, reserved 1114112K
  class space    used 9072K, committed 9344K, reserved 1048576K
}
Event: 24.352 GC heap before
{Heap before GC invocations=40 (full 0):
 garbage-first heap   total 117760K, used 86644K [0x0000000080000000, 0x0000000100000000)
  region size 1024K, 33 young (33792K), 3 survivors (3072K)
 Metaspace       used 68858K, committed 69440K, reserved 1114112K
  class space    used 9360K, committed 9664K, reserved 1048576K
}
Event: 24.360 GC heap after
{Heap after GC invocations=41 (full 0):
 garbage-first heap   total 117760K, used 57721K [0x0000000080000000, 0x0000000100000000)
  region size 1024K, 2 young (2048K), 2 survivors (2048K)
 Metaspace       used 68858K, committed 69440K, reserved 1114112K
  class space    used 9360K, committed 9664K, reserved 1048576K
}
Event: 25.511 GC heap before
{Heap before GC invocations=42 (full 0):
 garbage-first heap   total 117760K, used 88441K [0x0000000080000000, 0x0000000100000000)
  region size 1024K, 32 young (32768K), 2 survivors (2048K)
 Metaspace       used 71475K, committed 72064K, reserved 1114112K
  class space    used 9729K, committed 9984K, reserved 1048576K
}
Event: 25.521 GC heap after
{Heap after GC invocations=43 (full 0):
 garbage-first heap   total 117760K, used 58973K [0x0000000080000000, 0x0000000100000000)
  region size 1024K, 3 young (3072K), 3 survivors (3072K)
 Metaspace       used 71475K, committed 72064K, reserved 1114112K
  class space    used 9729K, committed 9984K, reserved 1048576K
}
Event: 26.574 GC heap before
{Heap before GC invocations=43 (full 0):
 garbage-first heap   total 117760K, used 90717K [0x0000000080000000, 0x0000000100000000)
  region size 1024K, 34 young (34816K), 3 survivors (3072K)
 Metaspace       used 74612K, committed 75200K, reserved 1179648K
  class space    used 10143K, committed 10432K, reserved 1048576K
}
Event: 26.584 GC heap after
{Heap after GC invocations=44 (full 0):
 garbage-first heap   total 117760K, used 61772K [0x0000000080000000, 0x0000000100000000)
  region size 1024K, 5 young (5120K), 5 survivors (5120K)
 Metaspace       used 74612K, committed 75200K, reserved 1179648K
  class space    used 10143K, committed 10432K, reserved 1048576K
}
Event: 27.474 GC heap before
{Heap before GC invocations=45 (full 0):
 garbage-first heap   total 117760K, used 91468K [0x0000000080000000, 0x0000000100000000)
  region size 1024K, 34 young (34816K), 5 survivors (5120K)
 Metaspace       used 76491K, committed 77056K, reserved 1179648K
  class space    used 10409K, committed 10688K, reserved 1048576K
}
Event: 27.488 GC heap after
{Heap after GC invocations=46 (full 0):
 garbage-first heap   total 141312K, used 62832K [0x0000000080000000, 0x0000000100000000)
  region size 1024K, 2 young (2048K), 2 survivors (2048K)
 Metaspace       used 76491K, committed 77056K, reserved 1179648K
  class space    used 10409K, committed 10688K, reserved 1048576K
}
Event: 27.619 GC heap before
{Heap before GC invocations=46 (full 0):
 garbage-first heap   total 141312K, used 66928K [0x0000000080000000, 0x0000000100000000)
  region size 1024K, 6 young (6144K), 2 survivors (2048K)
 Metaspace       used 76757K, committed 77376K, reserved 1179648K
  class space    used 10452K, committed 10752K, reserved 1048576K
}
Event: 27.627 GC heap after
{Heap after GC invocations=47 (full 0):
 garbage-first heap   total 141312K, used 62415K [0x0000000080000000, 0x0000000100000000)
  region size 1024K, 1 young (1024K), 1 survivors (1024K)
 Metaspace       used 76757K, committed 77376K, reserved 1179648K
  class space    used 10452K, committed 10752K, reserved 1048576K
}
Event: 29.393 GC heap before
{Heap before GC invocations=47 (full 0):
 garbage-first heap   total 141312K, used 109519K [0x0000000080000000, 0x0000000100000000)
  region size 1024K, 47 young (48128K), 1 survivors (1024K)
 Metaspace       used 80090K, committed 80704K, reserved 1179648K
  class space    used 11081K, committed 11392K, reserved 1048576K
}
Event: 29.399 GC heap after
{Heap after GC invocations=48 (full 0):
 garbage-first heap   total 141312K, used 63779K [0x0000000080000000, 0x0000000100000000)
  region size 1024K, 2 young (2048K), 2 survivors (2048K)
 Metaspace       used 80090K, committed 80704K, reserved 1179648K
  class space    used 11081K, committed 11392K, reserved 1048576K
}
Event: 31.311 GC heap before
{Heap before GC invocations=48 (full 0):
 garbage-first heap   total 141312K, used 111907K [0x0000000080000000, 0x0000000100000000)
  region size 1024K, 49 young (50176K), 2 survivors (2048K)
 Metaspace       used 84115K, committed 84736K, reserved 1179648K
  class space    used 11680K, committed 11968K, reserved 1048576K
}
Event: 31.319 GC heap after
{Heap after GC invocations=49 (full 0):
 garbage-first heap   total 141312K, used 65970K [0x0000000080000000, 0x0000000100000000)
  region size 1024K, 4 young (4096K), 4 survivors (4096K)
 Metaspace       used 84115K, committed 84736K, reserved 1179648K
  class space    used 11680K, committed 11968K, reserved 1048576K
}

