# JRE version: OpenJDK Runtime Environment (17.0.9) (build 17.0.9+0--11185874)
# Java VM: OpenJDK 64-Bit Server VM (17.0.9+0--11185874, mixed mode, tiered, compressed oops, compressed class ptrs, g1 gc, windows-amd64)
GC Precious Log:
 CPUs: 4 total, 4 available
 Memory: 6082M
 Large Page Support: Disabled
 NUMA Support: Disabled
 Compressed Oops: Enabled (32-bit)
 Heap Region Size: 1M
 Heap Min Capacity: 8M
 Heap Initial Capacity: 96M
 Heap Max Capacity: 2G
 Pre-touch: Disabled
 Parallel Workers: 4
 Concurrent Workers: 1
 Concurrent Refinement Workers: 4
 Periodic GC: Disabled
Heap:
 garbage-first heap   total 151552K, used 75888K [0x0000000080000000, 0x0000000100000000)
  region size 1024K, 48 young (49152K), 2 survivors (2048K)
 Metaspace       used 47973K, committed 48448K, reserved 1114112K
  class space    used 6453K, committed 6656K, reserved 1048576K
GC Heap History (20 events):
Event: 3.867 GC heap before
{Heap before GC invocations=2 (full 0):
 garbage-first heap   total 98304K, used 32118K [0x0000000080000000, 0x0000000100000000)
  region size 1024K, 24 young (24576K), 3 survivors (3072K)
 Metaspace       used 11505K, committed 11648K, reserved 1114112K
  class space    used 1202K, committed 1280K, reserved 1048576K
}
Event: 3.874 GC heap after
{Heap after GC invocations=3 (full 0):
 garbage-first heap   total 98304K, used 11233K [0x0000000080000000, 0x0000000100000000)
  region size 1024K, 1 young (1024K), 1 survivors (1024K)
 Metaspace       used 11505K, committed 11648K, reserved 1114112K
  class space    used 1202K, committed 1280K, reserved 1048576K
}
Event: 6.481 GC heap before
{Heap before GC invocations=3 (full 0):
 garbage-first heap   total 98304K, used 56289K [0x0000000080000000, 0x0000000100000000)
  region size 1024K, 46 young (47104K), 1 survivors (1024K)
 Metaspace       used 21273K, committed 21504K, reserved 1114112K
  class space    used 2519K, committed 2624K, reserved 1048576K
}
Event: 6.495 GC heap after
{Heap after GC invocations=4 (full 0):
 garbage-first heap   total 98304K, used 18748K [0x0000000080000000, 0x0000000100000000)
  region size 1024K, 8 young (8192K), 8 survivors (8192K)
 Metaspace       used 21273K, committed 21504K, reserved 1114112K
  class space    used 2519K, committed 2624K, reserved 1048576K
}
Event: 8.071 GC heap before
{Heap before GC invocations=5 (full 0):
 garbage-first heap   total 68608K, used 51516K [0x0000000080000000, 0x0000000100000000)
  region size 1024K, 40 young (40960K), 8 survivors (8192K)
 Metaspace       used 26380K, committed 26624K, reserved 1114112K
  class space    used 3383K, committed 3520K, reserved 1048576K
}
Event: 8.082 GC heap after
{Heap after GC invocations=6 (full 0):
 garbage-first heap   total 68608K, used 20469K [0x0000000080000000, 0x0000000100000000)
  region size 1024K, 2 young (2048K), 2 survivors (2048K)
 Metaspace       used 26380K, committed 26624K, reserved 1114112K
  class space    used 3383K, committed 3520K, reserved 1048576K
}
Event: 8.125 GC heap before
{Heap before GC invocations=6 (full 0):
 garbage-first heap   total 68608K, used 21493K [0x0000000080000000, 0x0000000100000000)
  region size 1024K, 3 young (3072K), 2 survivors (2048K)
 Metaspace       used 26550K, committed 26816K, reserved 1114112K
  class space    used 3410K, committed 3520K, reserved 1048576K
}
Event: 8.131 GC heap after
{Heap after GC invocations=7 (full 0):
 garbage-first heap   total 68608K, used 20818K [0x0000000080000000, 0x0000000100000000)
  region size 1024K, 1 young (1024K), 1 survivors (1024K)
 Metaspace       used 26550K, committed 26816K, reserved 1114112K
  class space    used 3410K, committed 3520K, reserved 1048576K
}
Event: 9.526 GC heap before
{Heap before GC invocations=7 (full 0):
 garbage-first heap   total 68608K, used 48466K [0x0000000080000000, 0x0000000100000000)
  region size 1024K, 28 young (28672K), 1 survivors (1024K)
 Metaspace       used 30325K, committed 30656K, reserved 1114112K
  class space    used 4039K, committed 4160K, reserved 1048576K
}
Event: 9.531 GC heap after
{Heap after GC invocations=8 (full 0):
 garbage-first heap   total 68608K, used 22192K [0x0000000080000000, 0x0000000100000000)
  region size 1024K, 2 young (2048K), 2 survivors (2048K)
 Metaspace       used 30325K, committed 30656K, reserved 1114112K
  class space    used 4039K, committed 4160K, reserved 1048576K
}
Event: 10.538 GC heap before
{Heap before GC invocations=8 (full 0):
 garbage-first heap   total 68608K, used 50864K [0x0000000080000000, 0x0000000100000000)
  region size 1024K, 30 young (30720K), 2 survivors (2048K)
 Metaspace       used 33790K, committed 33984K, reserved 1114112K
  class space    used 4585K, committed 4672K, reserved 1048576K
}
Event: 10.543 GC heap after
{Heap after GC invocations=9 (full 0):
 garbage-first heap   total 68608K, used 23271K [0x0000000080000000, 0x0000000100000000)
  region size 1024K, 3 young (3072K), 3 survivors (3072K)
 Metaspace       used 33790K, committed 33984K, reserved 1114112K
  class space    used 4585K, committed 4672K, reserved 1048576K
}
Event: 10.930 GC heap before
{Heap before GC invocations=9 (full 0):
 garbage-first heap   total 68608K, used 32487K [0x0000000080000000, 0x0000000100000000)
  region size 1024K, 14 young (14336K), 3 survivors (3072K)
 Metaspace       used 35617K, committed 35968K, reserved 1114112K
  class space    used 4847K, committed 4992K, reserved 1048576K
}
Event: 10.935 GC heap after
{Heap after GC invocations=10 (full 0):
 garbage-first heap   total 68608K, used 23931K [0x0000000080000000, 0x0000000100000000)
  region size 1024K, 2 young (2048K), 2 survivors (2048K)
 Metaspace       used 35617K, committed 35968K, reserved 1114112K
  class space    used 4847K, committed 4992K, reserved 1048576K
}
Event: 11.902 GC heap before
{Heap before GC invocations=11 (full 0):
 garbage-first heap   total 68608K, used 52603K [0x0000000080000000, 0x0000000100000000)
  region size 1024K, 31 young (31744K), 2 survivors (2048K)
 Metaspace       used 40994K, committed 41344K, reserved 1114112K
  class space    used 5420K, committed 5568K, reserved 1048576K
}
Event: 11.911 GC heap after
{Heap after GC invocations=12 (full 0):
 garbage-first heap   total 68608K, used 27400K [0x0000000080000000, 0x0000000100000000)
  region size 1024K, 4 young (4096K), 4 survivors (4096K)
 Metaspace       used 40994K, committed 41344K, reserved 1114112K
  class space    used 5420K, committed 5568K, reserved 1048576K
}
Event: 11.919 GC heap before
{Heap before GC invocations=12 (full 0):
 garbage-first heap   total 68608K, used 28424K [0x0000000080000000, 0x0000000100000000)
  region size 1024K, 5 young (5120K), 4 survivors (4096K)
 Metaspace       used 40995K, committed 41344K, reserved 1114112K
  class space    used 5420K, committed 5568K, reserved 1048576K
}
Event: 11.925 GC heap after
{Heap after GC invocations=13 (full 0):
 garbage-first heap   total 68608K, used 27695K [0x0000000080000000, 0x0000000100000000)
  region size 1024K, 1 young (1024K), 1 survivors (1024K)
 Metaspace       used 40995K, committed 41344K, reserved 1114112K
  class space    used 5420K, committed 5568K, reserved 1048576K
}
Event: 12.413 GC heap before
{Heap before GC invocations=13 (full 0):
 garbage-first heap   total 68608K, used 52271K [0x0000000080000000, 0x0000000100000000)
  region size 1024K, 25 young (25600K), 1 survivors (1024K)
 Metaspace       used 41950K, committed 42368K, reserved 1114112K
  class space    used 5583K, committed 5760K, reserved 1048576K
}
Event: 12.420 GC heap after
{Heap after GC invocations=14 (full 0):
 garbage-first heap   total 151552K, used 28784K [0x0000000080000000, 0x0000000100000000)
  region size 1024K, 2 young (2048K), 2 survivors (2048K)
 Metaspace       used 41950K, committed 42368K, reserved 1114112K
  class space    used 5583K, committed 5760K, reserved 1048576K
}

