# JRE version: OpenJDK Runtime Environment (17.0.9) (build 17.0.9+0--11185874)
# Java VM: OpenJDK 64-Bit Server VM (17.0.9+0--11185874, mixed mode, tiered, compressed oops, compressed class ptrs, g1 gc, windows-amd64)
GC Precious Log:
 CPUs: 4 total, 4 available
 Memory: 6082M
 Large Page Support: Disabled
 NUMA Support: Disabled
 Compressed Oops: Enabled (32-bit)
 Heap Region Size: 1M
 Heap Min Capacity: 8M
 Heap Initial Capacity: 96M
 Heap Max Capacity: 2G
 Pre-touch: Disabled
 Parallel Workers: 4
 Concurrent Workers: 1
 Concurrent Refinement Workers: 4
 Periodic GC: Disabled
Heap:
 garbage-first heap   total 471040K, used 212694K [0x0000000080000000, 0x0000000100000000)
  region size 1024K, 2 young (2048K), 2 survivors (2048K)
 Metaspace       used 144676K, committed 145728K, reserved 1179648K
  class space    used 19654K, committed 20160K, reserved 1048576K
GC Heap History (20 events):
Event: 1872.075 GC heap after
{Heap after GC invocations=67 (full 0):
 garbage-first heap   total 467968K, used 166161K [0x0000000080000000, 0x0000000100000000)
  region size 1024K, 2 young (2048K), 2 survivors (2048K)
 Metaspace       used 129043K, committed 130048K, reserved 1179648K
  class space    used 17942K, committed 18432K, reserved 1048576K
}
Event: 1876.730 GC heap before
{Heap before GC invocations=67 (full 0):
 garbage-first heap   total 467968K, used 308497K [0x0000000080000000, 0x0000000100000000)
  region size 1024K, 141 young (144384K), 2 survivors (2048K)
 Metaspace       used 129043K, committed 130048K, reserved 1179648K
  class space    used 17942K, committed 18432K, reserved 1048576K
}
Event: 1876.754 GC heap after
{Heap after GC invocations=68 (full 0):
 garbage-first heap   total 467968K, used 171205K [0x0000000080000000, 0x0000000100000000)
  region size 1024K, 7 young (7168K), 7 survivors (7168K)
 Metaspace       used 129043K, committed 130048K, reserved 1179648K
  class space    used 17942K, committed 18432K, reserved 1048576K
}
Event: 1882.357 GC heap before
{Heap before GC invocations=69 (full 0):
 garbage-first heap   total 467968K, used 338117K [0x0000000080000000, 0x0000000100000000)
  region size 1024K, 170 young (174080K), 7 survivors (7168K)
 Metaspace       used 129043K, committed 130048K, reserved 1179648K
  class space    used 17942K, committed 18432K, reserved 1048576K
}
Event: 1882.413 GC heap after
{Heap after GC invocations=70 (full 0):
 garbage-first heap   total 467968K, used 175996K [0x0000000080000000, 0x0000000100000000)
  region size 1024K, 12 young (12288K), 12 survivors (12288K)
 Metaspace       used 129043K, committed 130048K, reserved 1179648K
  class space    used 17942K, committed 18432K, reserved 1048576K
}
Event: 1882.686 GC heap before
{Heap before GC invocations=70 (full 0):
 garbage-first heap   total 467968K, used 185212K [0x0000000080000000, 0x0000000100000000)
  region size 1024K, 22 young (22528K), 12 survivors (12288K)
 Metaspace       used 129043K, committed 130048K, reserved 1179648K
  class space    used 17942K, committed 18432K, reserved 1048576K
}
Event: 1882.771 GC heap after
{Heap after GC invocations=71 (full 0):
 garbage-first heap   total 467968K, used 173923K [0x0000000080000000, 0x0000000100000000)
  region size 1024K, 3 young (3072K), 3 survivors (3072K)
 Metaspace       used 129043K, committed 130048K, reserved 1179648K
  class space    used 17942K, committed 18432K, reserved 1048576K
}
Event: 1883.625 GC heap before
{Heap before GC invocations=71 (full 0):
 garbage-first heap   total 467968K, used 221027K [0x0000000080000000, 0x0000000100000000)
  region size 1024K, 50 young (51200K), 3 survivors (3072K)
 Metaspace       used 129043K, committed 130048K, reserved 1179648K
  class space    used 17942K, committed 18432K, reserved 1048576K
}
Event: 1883.649 GC heap after
{Heap after GC invocations=72 (full 0):
 garbage-first heap   total 467968K, used 175586K [0x0000000080000000, 0x0000000100000000)
  region size 1024K, 5 young (5120K), 5 survivors (5120K)
 Metaspace       used 129043K, committed 130048K, reserved 1179648K
  class space    used 17942K, committed 18432K, reserved 1048576K
}
Event: 1941.602 GC heap before
{Heap before GC invocations=73 (full 0):
 garbage-first heap   total 467968K, used 381410K [0x0000000080000000, 0x0000000100000000)
  region size 1024K, 187 young (191488K), 5 survivors (5120K)
 Metaspace       used 138399K, committed 139584K, reserved 1179648K
  class space    used 19022K, committed 19584K, reserved 1048576K
}
Event: 1942.356 GC heap after
{Heap after GC invocations=74 (full 0):
 garbage-first heap   total 467968K, used 192170K [0x0000000080000000, 0x0000000100000000)
  region size 1024K, 21 young (21504K), 21 survivors (21504K)
 Metaspace       used 138399K, committed 139584K, reserved 1179648K
  class space    used 19022K, committed 19584K, reserved 1048576K
}
Event: 1962.282 GC heap before
{Heap before GC invocations=74 (full 0):
 garbage-first heap   total 467968K, used 193194K [0x0000000080000000, 0x0000000100000000)
  region size 1024K, 22 young (22528K), 21 survivors (21504K)
 Metaspace       used 138400K, committed 139584K, reserved 1179648K
  class space    used 19022K, committed 19584K, reserved 1048576K
}
Event: 1962.624 GC heap after
{Heap after GC invocations=75 (full 0):
 garbage-first heap   total 467968K, used 191630K [0x0000000080000000, 0x0000000100000000)
  region size 1024K, 2 young (2048K), 2 survivors (2048K)
 Metaspace       used 138400K, committed 139584K, reserved 1179648K
  class space    used 19022K, committed 19584K, reserved 1048576K
}
Event: 1968.433 GC heap before
{Heap before GC invocations=75 (full 0):
 garbage-first heap   total 467968K, used 262286K [0x0000000080000000, 0x0000000100000000)
  region size 1024K, 72 young (73728K), 2 survivors (2048K)
 Metaspace       used 138765K, committed 139968K, reserved 1179648K
  class space    used 19043K, committed 19648K, reserved 1048576K
}
Event: 1968.500 GC heap after
{Heap after GC invocations=76 (full 0):
 garbage-first heap   total 467968K, used 197985K [0x0000000080000000, 0x0000000100000000)
  region size 1024K, 9 young (9216K), 9 survivors (9216K)
 Metaspace       used 138765K, committed 139968K, reserved 1179648K
  class space    used 19043K, committed 19648K, reserved 1048576K
}
Event: 1972.278 GC heap before
{Heap before GC invocations=77 (full 0):
 garbage-first heap   total 467968K, used 265569K [0x0000000080000000, 0x0000000100000000)
  region size 1024K, 73 young (74752K), 9 survivors (9216K)
 Metaspace       used 142919K, committed 143936K, reserved 1179648K
  class space    used 19491K, committed 19968K, reserved 1048576K
}
Event: 1972.441 GC heap after
{Heap after GC invocations=78 (full 0):
 garbage-first heap   total 467968K, used 217516K [0x0000000080000000, 0x0000000100000000)
  region size 1024K, 10 young (10240K), 10 survivors (10240K)
 Metaspace       used 142919K, committed 143936K, reserved 1179648K
  class space    used 19491K, committed 19968K, reserved 1048576K
}
Event: 1973.274 GC heap before
{Heap before GC invocations=78 (full 0):
 garbage-first heap   total 467968K, used 246188K [0x0000000080000000, 0x0000000100000000)
  region size 1024K, 22 young (22528K), 10 survivors (10240K)
 Metaspace       used 143151K, committed 144256K, reserved 1179648K
  class space    used 19509K, committed 20032K, reserved 1048576K
}
Event: 1973.320 GC heap after
{Heap after GC invocations=79 (full 0):
 garbage-first heap   total 467968K, used 212480K [0x0000000080000000, 0x0000000100000000)
  region size 1024K, 3 young (3072K), 3 survivors (3072K)
 Metaspace       used 143151K, committed 144256K, reserved 1179648K
  class space    used 19509K, committed 20032K, reserved 1048576K
}
Event: 1973.852 GC heap before
{Heap before GC invocations=79 (full 0):
 garbage-first heap   total 467968K, used 230912K [0x0000000080000000, 0x0000000100000000)
  region size 1024K, 22 young (22528K), 3 survivors (3072K)
 Metaspace       used 144676K, committed 145728K, reserved 1179648K
  class space    used 19654K, committed 20160K, reserved 1048576K
}

