# JRE version: OpenJDK Runtime Environment (17.0.9) (build 17.0.9+0--11185874)
# Java VM: OpenJDK 64-Bit Server VM (17.0.9+0--11185874, mixed mode, tiered, compressed oops, compressed class ptrs, g1 gc, windows-amd64)
GC Precious Log:
 CPUs: 4 total, 4 available
 Memory: 6082M
 Large Page Support: Disabled
 NUMA Support: Disabled
 Compressed Oops: Enabled (32-bit)
 Heap Region Size: 1M
 Heap Min Capacity: 8M
 Heap Initial Capacity: 96M
 Heap Max Capacity: 2G
 Pre-touch: Disabled
 Parallel Workers: 4
 Concurrent Workers: 1
 Concurrent Refinement Workers: 4
 Periodic GC: Disabled
Heap:
 garbage-first heap   total 126976K, used 67719K [0x0000000080000000, 0x0000000100000000)
  region size 1024K, 10 young (10240K), 5 survivors (5120K)
 Metaspace       used 76976K, committed 77568K, reserved 1179648K
  class space    used 10479K, committed 10752K, reserved 1048576K
GC Heap History (20 events):
Event: 20.142 GC heap before
{Heap before GC invocations=24 (full 0):
 garbage-first heap   total 83968K, used 55732K [0x0000000080000000, 0x0000000100000000)
  region size 1024K, 10 young (10240K), 2 survivors (2048K)
 Metaspace       used 57191K, committed 57792K, reserved 1114112K
  class space    used 7826K, committed 8128K, reserved 1048576K
}
Event: 20.145 GC heap after
{Heap after GC invocations=25 (full 0):
 garbage-first heap   total 83968K, used 50070K [0x0000000080000000, 0x0000000100000000)
  region size 1024K, 1 young (1024K), 1 survivors (1024K)
 Metaspace       used 57191K, committed 57792K, reserved 1114112K
  class space    used 7826K, committed 8128K, reserved 1048576K
}
Event: 20.497 GC heap before
{Heap before GC invocations=26 (full 0):
 garbage-first heap   total 94208K, used 62358K [0x0000000080000000, 0x0000000100000000)
  region size 1024K, 13 young (13312K), 1 survivors (1024K)
 Metaspace       used 58116K, committed 58688K, reserved 1114112K
  class space    used 7949K, committed 8256K, reserved 1048576K
}
Event: 20.500 GC heap after
{Heap after GC invocations=27 (full 0):
 garbage-first heap   total 94208K, used 51345K [0x0000000080000000, 0x0000000100000000)
  region size 1024K, 1 young (1024K), 1 survivors (1024K)
 Metaspace       used 58116K, committed 58688K, reserved 1114112K
  class space    used 7949K, committed 8256K, reserved 1048576K
}
Event: 20.598 GC heap before
{Heap before GC invocations=27 (full 0):
 garbage-first heap   total 94208K, used 53393K [0x0000000080000000, 0x0000000100000000)
  region size 1024K, 4 young (4096K), 1 survivors (1024K)
 Metaspace       used 58371K, committed 58944K, reserved 1114112K
  class space    used 7984K, committed 8256K, reserved 1048576K
}
Event: 20.600 GC heap after
{Heap after GC invocations=28 (full 0):
 garbage-first heap   total 94208K, used 51205K [0x0000000080000000, 0x0000000100000000)
  region size 1024K, 1 young (1024K), 1 survivors (1024K)
 Metaspace       used 58371K, committed 58944K, reserved 1114112K
  class space    used 7984K, committed 8256K, reserved 1048576K
}
Event: 21.261 GC heap before
{Heap before GC invocations=28 (full 0):
 garbage-first heap   total 94208K, used 69637K [0x0000000080000000, 0x0000000100000000)
  region size 1024K, 19 young (19456K), 1 survivors (1024K)
 Metaspace       used 59984K, committed 60608K, reserved 1114112K
  class space    used 8211K, committed 8512K, reserved 1048576K
}
Event: 21.266 GC heap after
{Heap after GC invocations=29 (full 0):
 garbage-first heap   total 126976K, used 51874K [0x0000000080000000, 0x0000000100000000)
  region size 1024K, 2 young (2048K), 2 survivors (2048K)
 Metaspace       used 59984K, committed 60608K, reserved 1114112K
  class space    used 8211K, committed 8512K, reserved 1048576K
}
Event: 22.770 GC heap before
{Heap before GC invocations=30 (full 0):
 garbage-first heap   total 126976K, used 89762K [0x0000000080000000, 0x0000000100000000)
  region size 1024K, 39 young (39936K), 2 survivors (2048K)
 Metaspace       used 64026K, committed 64640K, reserved 1114112K
  class space    used 8722K, committed 9024K, reserved 1048576K
}
Event: 22.775 GC heap after
{Heap after GC invocations=31 (full 0):
 garbage-first heap   total 126976K, used 52870K [0x0000000080000000, 0x0000000100000000)
  region size 1024K, 3 young (3072K), 3 survivors (3072K)
 Metaspace       used 64026K, committed 64640K, reserved 1114112K
  class space    used 8722K, committed 9024K, reserved 1048576K
}
Event: 22.951 GC heap before
{Heap before GC invocations=31 (full 0):
 garbage-first heap   total 126976K, used 55942K [0x0000000080000000, 0x0000000100000000)
  region size 1024K, 6 young (6144K), 3 survivors (3072K)
 Metaspace       used 64330K, committed 64960K, reserved 1114112K
  class space    used 8774K, committed 9088K, reserved 1048576K
}
Event: 22.959 GC heap after
{Heap after GC invocations=32 (full 0):
 garbage-first heap   total 126976K, used 52682K [0x0000000080000000, 0x0000000100000000)
  region size 1024K, 1 young (1024K), 1 survivors (1024K)
 Metaspace       used 64330K, committed 64960K, reserved 1114112K
  class space    used 8774K, committed 9088K, reserved 1048576K
}
Event: 24.230 GC heap before
{Heap before GC invocations=32 (full 0):
 garbage-first heap   total 126976K, used 98762K [0x0000000080000000, 0x0000000100000000)
  region size 1024K, 40 young (40960K), 1 survivors (1024K)
 Metaspace       used 67413K, committed 68032K, reserved 1114112K
  class space    used 9158K, committed 9472K, reserved 1048576K
}
Event: 24.237 GC heap after
{Heap after GC invocations=33 (full 0):
 garbage-first heap   total 126976K, used 56602K [0x0000000080000000, 0x0000000100000000)
  region size 1024K, 5 young (5120K), 5 survivors (5120K)
 Metaspace       used 67413K, committed 68032K, reserved 1114112K
  class space    used 9158K, committed 9472K, reserved 1048576K
}
Event: 25.384 GC heap before
{Heap before GC invocations=33 (full 0):
 garbage-first heap   total 126976K, used 94490K [0x0000000080000000, 0x0000000100000000)
  region size 1024K, 42 young (43008K), 5 survivors (5120K)
 Metaspace       used 70137K, committed 70720K, reserved 1114112K
  class space    used 9499K, committed 9792K, reserved 1048576K
}
Event: 25.395 GC heap after
{Heap after GC invocations=34 (full 0):
 garbage-first heap   total 126976K, used 59313K [0x0000000080000000, 0x0000000100000000)
  region size 1024K, 3 young (3072K), 3 survivors (3072K)
 Metaspace       used 70137K, committed 70720K, reserved 1114112K
  class space    used 9499K, committed 9792K, reserved 1048576K
}
Event: 26.690 GC heap before
{Heap before GC invocations=34 (full 0):
 garbage-first heap   total 126976K, used 97201K [0x0000000080000000, 0x0000000100000000)
  region size 1024K, 40 young (40960K), 3 survivors (3072K)
 Metaspace       used 74589K, committed 75200K, reserved 1114112K
  class space    used 10139K, committed 10432K, reserved 1048576K
}
Event: 26.701 GC heap after
{Heap after GC invocations=35 (full 0):
 garbage-first heap   total 126976K, used 60837K [0x0000000080000000, 0x0000000100000000)
  region size 1024K, 4 young (4096K), 4 survivors (4096K)
 Metaspace       used 74589K, committed 75200K, reserved 1114112K
  class space    used 10139K, committed 10432K, reserved 1048576K
}
Event: 27.706 GC heap before
{Heap before GC invocations=35 (full 0):
 garbage-first heap   total 126976K, used 99749K [0x0000000080000000, 0x0000000100000000)
  region size 1024K, 42 young (43008K), 4 survivors (4096K)
 Metaspace       used 76640K, committed 77248K, reserved 1179648K
  class space    used 10426K, committed 10688K, reserved 1048576K
}
Event: 27.719 GC heap after
{Heap after GC invocations=36 (full 0):
 garbage-first heap   total 126976K, used 63623K [0x0000000080000000, 0x0000000100000000)
  region size 1024K, 5 young (5120K), 5 survivors (5120K)
 Metaspace       used 76640K, committed 77248K, reserved 1179648K
  class space    used 10426K, committed 10688K, reserved 1048576K
}

