# JRE version: OpenJDK Runtime Environment (17.0.9) (build 17.0.9+0--11185874)
# Java VM: OpenJDK 64-Bit Server VM (17.0.9+0--11185874, mixed mode, tiered, compressed oops, compressed class ptrs, g1 gc, windows-amd64)
GC Precious Log:
 CPUs: 4 total, 4 available
 Memory: 6082M
 Large Page Support: Disabled
 NUMA Support: Disabled
 Compressed Oops: Enabled (32-bit)
 Heap Region Size: 1M
 Heap Min Capacity: 8M
 Heap Initial Capacity: 96M
 Heap Max Capacity: 2G
 Pre-touch: Disabled
 Parallel Workers: 4
 Concurrent Workers: 1
 Concurrent Refinement Workers: 4
 Periodic GC: Disabled
Heap:
 garbage-first heap   total 245760K, used 116725K [0x0000000080000000, 0x0000000100000000)
  region size 1024K, 1 young (1024K), 1 survivors (1024K)
 Metaspace       used 121796K, committed 122624K, reserved 1179648K
  class space    used 16482K, committed 16896K, reserved 1048576K
GC Heap History (20 events):
Event: 72.518 GC heap after
{Heap after GC invocations=66 (full 0):
 garbage-first heap   total 180224K, used 148989K [0x0000000080000000, 0x0000000100000000)
  region size 1024K, 2 young (2048K), 2 survivors (2048K)
 Metaspace       used 115997K, committed 116736K, reserved 1179648K
  class space    used 15684K, committed 16064K, reserved 1048576K
}
Event: 73.286 GC heap before
{Heap before GC invocations=66 (full 0):
 garbage-first heap   total 180224K, used 155133K [0x0000000080000000, 0x0000000100000000)
  region size 1024K, 8 young (8192K), 2 survivors (2048K)
 Metaspace       used 117108K, committed 117888K, reserved 1179648K
  class space    used 15835K, committed 16192K, reserved 1048576K
}
Event: 73.294 GC heap after
{Heap after GC invocations=67 (full 0):
 garbage-first heap   total 180224K, used 149894K [0x0000000080000000, 0x0000000100000000)
  region size 1024K, 1 young (1024K), 1 survivors (1024K)
 Metaspace       used 117108K, committed 117888K, reserved 1179648K
  class space    used 15835K, committed 16192K, reserved 1048576K
}
Event: 74.314 GC heap before
{Heap before GC invocations=67 (full 0):
 garbage-first heap   total 180224K, used 157062K [0x0000000080000000, 0x0000000100000000)
  region size 1024K, 8 young (8192K), 1 survivors (1024K)
 Metaspace       used 117506K, committed 118336K, reserved 1179648K
  class space    used 15866K, committed 16256K, reserved 1048576K
}
Event: 74.322 GC heap after
{Heap after GC invocations=68 (full 0):
 garbage-first heap   total 180224K, used 151030K [0x0000000080000000, 0x0000000100000000)
  region size 1024K, 1 young (1024K), 1 survivors (1024K)
 Metaspace       used 117506K, committed 118336K, reserved 1179648K
  class space    used 15866K, committed 16256K, reserved 1048576K
}
Event: 75.217 GC heap before
{Heap before GC invocations=68 (full 0):
 garbage-first heap   total 180224K, used 158198K [0x0000000080000000, 0x0000000100000000)
  region size 1024K, 8 young (8192K), 1 survivors (1024K)
 Metaspace       used 117834K, committed 118656K, reserved 1179648K
  class space    used 15890K, committed 16256K, reserved 1048576K
}
Event: 75.223 GC heap after
{Heap after GC invocations=69 (full 0):
 garbage-first heap   total 180224K, used 151739K [0x0000000080000000, 0x0000000100000000)
  region size 1024K, 1 young (1024K), 1 survivors (1024K)
 Metaspace       used 117834K, committed 118656K, reserved 1179648K
  class space    used 15890K, committed 16256K, reserved 1048576K
}
Event: 75.731 GC heap before
{Heap before GC invocations=69 (full 0):
 garbage-first heap   total 180224K, used 157883K [0x0000000080000000, 0x0000000100000000)
  region size 1024K, 8 young (8192K), 1 survivors (1024K)
 Metaspace       used 117909K, committed 118784K, reserved 1179648K
  class space    used 15903K, committed 16320K, reserved 1048576K
}
Event: 75.734 GC heap after
{Heap after GC invocations=70 (full 0):
 garbage-first heap   total 180224K, used 151971K [0x0000000080000000, 0x0000000100000000)
  region size 1024K, 1 young (1024K), 1 survivors (1024K)
 Metaspace       used 117909K, committed 118784K, reserved 1179648K
  class space    used 15903K, committed 16320K, reserved 1048576K
}
Event: 76.150 GC heap before
{Heap before GC invocations=70 (full 0):
 garbage-first heap   total 180224K, used 161187K [0x0000000080000000, 0x0000000100000000)
  region size 1024K, 8 young (8192K), 1 survivors (1024K)
 Metaspace       used 118470K, committed 119296K, reserved 1179648K
  class space    used 15985K, committed 16384K, reserved 1048576K
}
Event: 76.153 GC heap after
{Heap after GC invocations=71 (full 0):
 garbage-first heap   total 180224K, used 152090K [0x0000000080000000, 0x0000000100000000)
  region size 1024K, 1 young (1024K), 1 survivors (1024K)
 Metaspace       used 118470K, committed 119296K, reserved 1179648K
  class space    used 15985K, committed 16384K, reserved 1048576K
}
Event: 76.378 GC heap before
{Heap before GC invocations=71 (full 0):
 garbage-first heap   total 180224K, used 158234K [0x0000000080000000, 0x0000000100000000)
  region size 1024K, 8 young (8192K), 1 survivors (1024K)
 Metaspace       used 119032K, committed 119872K, reserved 1179648K
  class space    used 16065K, committed 16448K, reserved 1048576K
}
Event: 76.381 GC heap after
{Heap after GC invocations=72 (full 0):
 garbage-first heap   total 180224K, used 152449K [0x0000000080000000, 0x0000000100000000)
  region size 1024K, 1 young (1024K), 1 survivors (1024K)
 Metaspace       used 119032K, committed 119872K, reserved 1179648K
  class space    used 16065K, committed 16448K, reserved 1048576K
}
Event: 76.512 GC heap before
{Heap before GC invocations=72 (full 0):
 garbage-first heap   total 180224K, used 158593K [0x0000000080000000, 0x0000000100000000)
  region size 1024K, 8 young (8192K), 1 survivors (1024K)
 Metaspace       used 119289K, committed 120128K, reserved 1179648K
  class space    used 16097K, committed 16512K, reserved 1048576K
}
Event: 76.515 GC heap after
{Heap after GC invocations=73 (full 0):
 garbage-first heap   total 180224K, used 153237K [0x0000000080000000, 0x0000000100000000)
  region size 1024K, 1 young (1024K), 1 survivors (1024K)
 Metaspace       used 119289K, committed 120128K, reserved 1179648K
  class space    used 16097K, committed 16512K, reserved 1048576K
}
Event: 76.681 GC heap before
{Heap before GC invocations=73 (full 0):
 garbage-first heap   total 180224K, used 154261K [0x0000000080000000, 0x0000000100000000)
  region size 1024K, 4 young (4096K), 1 survivors (1024K)
 Metaspace       used 119681K, committed 120448K, reserved 1179648K
  class space    used 16140K, committed 16512K, reserved 1048576K
}
Event: 76.692 GC heap after
{Heap after GC invocations=74 (full 0):
 garbage-first heap   total 180224K, used 153317K [0x0000000080000000, 0x0000000100000000)
  region size 1024K, 1 young (1024K), 1 survivors (1024K)
 Metaspace       used 119681K, committed 120448K, reserved 1179648K
  class space    used 16140K, committed 16512K, reserved 1048576K
}
Event: 77.577 GC heap before
{Heap before GC invocations=75 (full 0):
 garbage-first heap   total 245760K, used 147173K [0x0000000080000000, 0x0000000100000000)
  region size 1024K, 8 young (8192K), 1 survivors (1024K)
 Metaspace       used 120419K, committed 121216K, reserved 1179648K
  class space    used 16260K, committed 16640K, reserved 1048576K
}
Event: 77.581 GC heap after
{Heap after GC invocations=76 (full 0):
 garbage-first heap   total 245760K, used 141599K [0x0000000080000000, 0x0000000100000000)
  region size 1024K, 1 young (1024K), 1 survivors (1024K)
 Metaspace       used 120419K, committed 121216K, reserved 1179648K
  class space    used 16260K, committed 16640K, reserved 1048576K
}
Event: 78.097 GC heap before
{Heap before GC invocations=76 (full 0):
 garbage-first heap   total 245760K, used 151839K [0x0000000080000000, 0x0000000100000000)
  region size 1024K, 12 young (12288K), 1 survivors (1024K)
 Metaspace       used 121796K, committed 122624K, reserved 1179648K
  class space    used 16482K, committed 16896K, reserved 1048576K
}

